----------

Sat Jan 20 2024 21:40:07 GMT+0100 (West Africa Standard Time)

To https://github.com/Kefox-Nwoko/GDville_web.git
   6226987..d426f5b  main -> main


----------

Sat Jan 20 2024 22:07:17 GMT+0100 (West Africa Standard Time)

To https://github.com/Kefox-Nwoko/GDville_web.git
   d426f5b..776b6eb  main -> main


----------

Sat Jan 20 2024 22:23:33 GMT+0100 (West Africa Standard Time)

To https://github.com/Kefox-Nwoko/GDville_web.git
   776b6eb..7044523  main -> main


----------

Sat Jan 20 2024 22:54:16 GMT+0100 (West Africa Standard Time)

To https://github.com/Kefox-Nwoko/GDville_web.git
   7044523..7e46553  main -> main


----------

Sat Jan 20 2024 23:30:09 GMT+0100 (West Africa Standard Time)

fatal: unable to access 'https://github.com/Kefox-Nwoko/GDville_web.git/': Could not resolve host: github.com


----------

Sat Jan 20 2024 23:35:45 GMT+0100 (West Africa Standard Time)

fatal: unable to access 'https://github.com/Kefox-Nwoko/GDville_web.git/': Could not resolve host: github.com


----------

Sat Jan 20 2024 23:40:09 GMT+0100 (West Africa Standard Time)

To https://github.com/Kefox-Nwoko/GDville_web.git
   7e46553..e4995d1  main -> main


----------

Sat Jan 20 2024 23:52:06 GMT+0100 (West Africa Standard Time)

To https://github.com/Kefox-Nwoko/GDville_web.git
   e4995d1..cf7223d  main -> main


